[18:20:22] [main/INFO]: Environment: authHost='https://authserver.mojang.com', accountsHost='https://api.mojang.com', sessionHost='https://sessionserver.mojang.com', name='PROD'
[18:20:24] [main/WARN]: Ambiguity between arguments [teleport, destination] and [teleport, targets] with inputs: [Player, 0123, @e, dd12be42-52a9-4a91-a8a1-11c01849e498]
[18:20:24] [main/WARN]: Ambiguity between arguments [teleport, location] and [teleport, destination] with inputs: [0.1 -0.5 .9, 0 0 0]
[18:20:24] [main/WARN]: Ambiguity between arguments [teleport, location] and [teleport, targets] with inputs: [0.1 -0.5 .9, 0 0 0]
[18:20:24] [main/WARN]: Ambiguity between arguments [teleport, targets] and [teleport, destination] with inputs: [Player, 0123, dd12be42-52a9-4a91-a8a1-11c01849e498]
[18:20:24] [main/WARN]: Ambiguity between arguments [teleport, targets, location] and [teleport, targets, destination] with inputs: [0.1 -0.5 .9, 0 0 0]
[18:20:24] [main/INFO]: Reloading ResourceManager: Default
[18:20:27] [Worker-Main-4/INFO]: Loaded 7 recipes
[18:20:28] [Worker-Main-4/INFO]: Loaded 927 advancements
[18:20:32] [Server thread/INFO]: Starting minecraft server version 1.16.1
[18:20:32] [Server thread/INFO]: Loading properties
[18:20:32] [Server thread/INFO]: Default game type: SURVIVAL
[18:20:32] [Server thread/INFO]: Generating keypair
[18:20:33] [Server thread/INFO]: Starting Minecraft server on 192.168.0.50:25565
[18:20:34] [Server thread/INFO]: Using epoll channel type
[18:20:34] [Server thread/WARN]: **** SERVER IS RUNNING IN OFFLINE/INSECURE MODE!
[18:20:34] [Server thread/WARN]: The server will make no attempt to authenticate usernames. Beware.
[18:20:34] [Server thread/WARN]: While this makes the game possible to play without internet access, it also opens up the ability for hackers to connect with any username they choose.
[18:20:34] [Server thread/WARN]: To change this, set "online-mode" to "true" in the server.properties file.
[18:20:34] [Server thread/INFO]: Preparing level "Family-story"
[18:20:53] [Server thread/INFO]: Preparing start region for dimension minecraft:overworld
[18:20:54] [Worker-Main-5/INFO]: Preparing spawn area: 0%
[18:20:54] [Worker-Main-5/INFO]: Preparing spawn area: 0%
[18:20:54] [Worker-Main-5/INFO]: Preparing spawn area: 0%
[18:20:54] [Worker-Main-6/INFO]: Preparing spawn area: 0%
[18:20:55] [Worker-Main-6/INFO]: Preparing spawn area: 0%
[18:20:55] [Worker-Main-4/INFO]: Preparing spawn area: 0%
[18:20:56] [Worker-Main-5/INFO]: Preparing spawn area: 0%
[18:20:56] [Worker-Main-6/INFO]: Preparing spawn area: 0%
[18:20:57] [Worker-Main-4/INFO]: Preparing spawn area: 0%
[18:20:57] [Worker-Main-6/INFO]: Preparing spawn area: 0%
[18:20:58] [Worker-Main-6/INFO]: Preparing spawn area: 0%
[18:20:58] [Worker-Main-6/INFO]: Preparing spawn area: 0%
[18:20:59] [Worker-Main-5/INFO]: Preparing spawn area: 0%
[18:20:59] [Worker-Main-6/INFO]: Preparing spawn area: 0%
[18:21:00] [Worker-Main-6/INFO]: Preparing spawn area: 0%
[18:21:00] [Worker-Main-5/INFO]: Preparing spawn area: 0%
[18:21:01] [Worker-Main-6/INFO]: Preparing spawn area: 0%
[18:21:02] [Worker-Main-6/INFO]: Preparing spawn area: 0%
[18:21:02] [Worker-Main-5/INFO]: Preparing spawn area: 0%
[18:21:02] [Worker-Main-6/INFO]: Preparing spawn area: 0%
[18:21:03] [Worker-Main-6/INFO]: Preparing spawn area: 0%
[18:21:03] [Worker-Main-5/INFO]: Preparing spawn area: 0%
[18:21:04] [Worker-Main-5/INFO]: Preparing spawn area: 2%
[18:21:04] [Worker-Main-4/INFO]: Preparing spawn area: 2%
[18:21:05] [Worker-Main-6/INFO]: Preparing spawn area: 2%
[18:21:05] [Worker-Main-6/INFO]: Preparing spawn area: 2%
[18:21:06] [Worker-Main-6/INFO]: Preparing spawn area: 2%
[18:21:06] [Worker-Main-6/INFO]: Preparing spawn area: 2%
[18:21:07] [Worker-Main-5/INFO]: Preparing spawn area: 2%
[18:21:07] [Worker-Main-5/INFO]: Preparing spawn area: 2%
[18:21:08] [Worker-Main-6/INFO]: Preparing spawn area: 2%
[18:21:08] [Worker-Main-5/INFO]: Preparing spawn area: 2%
[18:21:09] [Worker-Main-5/INFO]: Preparing spawn area: 2%
[18:21:09] [Worker-Main-4/INFO]: Preparing spawn area: 4%
[18:21:10] [Worker-Main-4/INFO]: Preparing spawn area: 4%
[18:21:10] [Worker-Main-4/INFO]: Preparing spawn area: 4%
[18:21:11] [Worker-Main-4/INFO]: Preparing spawn area: 4%
[18:21:12] [Worker-Main-6/INFO]: Preparing spawn area: 4%
[18:21:12] [Worker-Main-4/INFO]: Preparing spawn area: 4%
[18:21:12] [Worker-Main-6/INFO]: Preparing spawn area: 4%
[18:21:13] [Worker-Main-4/INFO]: Preparing spawn area: 4%
[18:21:13] [Worker-Main-4/INFO]: Preparing spawn area: 4%
[18:21:14] [Worker-Main-6/INFO]: Preparing spawn area: 4%
[18:21:14] [Worker-Main-6/INFO]: Preparing spawn area: 4%
[18:21:15] [Worker-Main-4/INFO]: Preparing spawn area: 4%
[18:21:15] [Worker-Main-4/INFO]: Preparing spawn area: 4%
[18:21:16] [Worker-Main-4/INFO]: Preparing spawn area: 4%
[18:21:16] [Worker-Main-6/INFO]: Preparing spawn area: 4%
[18:21:17] [Worker-Main-4/INFO]: Preparing spawn area: 4%
[18:21:17] [Worker-Main-6/INFO]: Preparing spawn area: 4%
[18:21:18] [Worker-Main-5/INFO]: Preparing spawn area: 8%
[18:21:18] [Worker-Main-4/INFO]: Preparing spawn area: 8%
[18:21:19] [Worker-Main-6/INFO]: Preparing spawn area: 8%
[18:21:19] [Worker-Main-4/INFO]: Preparing spawn area: 8%
[18:21:20] [Worker-Main-6/INFO]: Preparing spawn area: 8%
[18:21:20] [Worker-Main-6/INFO]: Preparing spawn area: 8%
[18:21:21] [Worker-Main-6/INFO]: Preparing spawn area: 8%
[18:21:21] [Worker-Main-4/INFO]: Preparing spawn area: 8%
[18:21:22] [Worker-Main-4/INFO]: Preparing spawn area: 8%
[18:21:23] [Worker-Main-4/INFO]: Preparing spawn area: 8%
[18:21:23] [Worker-Main-6/INFO]: Preparing spawn area: 8%
[18:21:23] [Worker-Main-4/INFO]: Preparing spawn area: 8%
[18:21:24] [Worker-Main-4/INFO]: Preparing spawn area: 8%
[18:21:24] [Worker-Main-4/INFO]: Preparing spawn area: 8%
[18:21:25] [Worker-Main-6/INFO]: Preparing spawn area: 11%
[18:21:25] [Worker-Main-5/INFO]: Preparing spawn area: 11%
[18:21:26] [Worker-Main-6/INFO]: Preparing spawn area: 11%
[18:21:26] [Worker-Main-6/INFO]: Preparing spawn area: 11%
[18:21:27] [Worker-Main-5/INFO]: Preparing spawn area: 11%
[18:21:27] [Worker-Main-5/INFO]: Preparing spawn area: 11%
[18:21:28] [Worker-Main-6/INFO]: Preparing spawn area: 11%
[18:21:28] [Worker-Main-5/INFO]: Preparing spawn area: 11%
[18:21:29] [Worker-Main-6/INFO]: Preparing spawn area: 11%
[18:21:29] [Worker-Main-6/INFO]: Preparing spawn area: 11%
[18:21:30] [Worker-Main-6/INFO]: Preparing spawn area: 11%
[18:21:30] [Worker-Main-5/INFO]: Preparing spawn area: 11%
[18:21:31] [Worker-Main-6/INFO]: Preparing spawn area: 11%
[18:21:31] [Worker-Main-6/INFO]: Preparing spawn area: 11%
[18:21:32] [Worker-Main-4/INFO]: Preparing spawn area: 15%
[18:21:32] [Worker-Main-5/INFO]: Preparing spawn area: 15%
[18:21:33] [Worker-Main-5/INFO]: Preparing spawn area: 15%
[18:21:33] [Worker-Main-5/INFO]: Preparing spawn area: 15%
[18:21:34] [Worker-Main-5/INFO]: Preparing spawn area: 15%
[18:21:34] [Worker-Main-5/INFO]: Preparing spawn area: 15%
[18:21:35] [Worker-Main-4/INFO]: Preparing spawn area: 15%
[18:21:35] [Worker-Main-6/INFO]: Preparing spawn area: 17%
[18:21:36] [Worker-Main-4/INFO]: Preparing spawn area: 17%
[18:21:36] [Worker-Main-6/INFO]: Preparing spawn area: 17%
[18:21:37] [Worker-Main-5/INFO]: Preparing spawn area: 18%
[18:21:38] [Worker-Main-5/INFO]: Preparing spawn area: 18%
[18:21:38] [Worker-Main-5/INFO]: Preparing spawn area: 18%
[18:21:38] [Worker-Main-6/INFO]: Preparing spawn area: 18%
[18:21:39] [Worker-Main-5/INFO]: Preparing spawn area: 18%
[18:21:39] [Worker-Main-4/INFO]: Preparing spawn area: 19%
[18:21:40] [Worker-Main-5/INFO]: Preparing spawn area: 19%
[18:21:40] [Worker-Main-5/INFO]: Preparing spawn area: 19%
[18:21:41] [Worker-Main-5/INFO]: Preparing spawn area: 20%
[18:21:41] [Worker-Main-6/INFO]: Preparing spawn area: 20%
[18:21:42] [Worker-Main-6/INFO]: Preparing spawn area: 21%
[18:21:42] [Worker-Main-4/INFO]: Preparing spawn area: 21%
[18:21:43] [Worker-Main-4/INFO]: Preparing spawn area: 21%
[18:21:43] [Worker-Main-5/INFO]: Preparing spawn area: 22%
[18:21:44] [Worker-Main-5/INFO]: Preparing spawn area: 22%
[18:21:44] [Worker-Main-5/INFO]: Preparing spawn area: 22%
[18:21:45] [Worker-Main-5/INFO]: Preparing spawn area: 22%
[18:21:45] [Worker-Main-6/INFO]: Preparing spawn area: 22%
[18:21:46] [Worker-Main-5/INFO]: Preparing spawn area: 22%
[18:21:46] [Worker-Main-6/INFO]: Preparing spawn area: 24%
[18:21:47] [Worker-Main-5/INFO]: Preparing spawn area: 24%
[18:21:47] [Worker-Main-6/INFO]: Preparing spawn area: 24%
[18:21:48] [Worker-Main-6/INFO]: Preparing spawn area: 24%
[18:21:48] [Worker-Main-6/INFO]: Preparing spawn area: 24%
[18:21:49] [Worker-Main-4/INFO]: Preparing spawn area: 24%
[18:21:49] [Worker-Main-6/INFO]: Preparing spawn area: 24%
[18:21:50] [Worker-Main-4/INFO]: Preparing spawn area: 24%
[18:21:50] [Worker-Main-4/INFO]: Preparing spawn area: 24%
[18:21:51] [Worker-Main-6/INFO]: Preparing spawn area: 24%
[18:21:51] [Worker-Main-5/INFO]: Preparing spawn area: 26%
[18:21:52] [Worker-Main-4/INFO]: Preparing spawn area: 26%
[18:21:52] [Worker-Main-5/INFO]: Preparing spawn area: 27%
[18:21:53] [Worker-Main-5/INFO]: Preparing spawn area: 27%
[18:21:53] [Worker-Main-5/INFO]: Preparing spawn area: 27%
[18:21:54] [Worker-Main-4/INFO]: Preparing spawn area: 27%
[18:21:54] [Worker-Main-4/INFO]: Preparing spawn area: 27%
[18:21:55] [Worker-Main-5/INFO]: Preparing spawn area: 27%
[18:21:55] [Worker-Main-6/INFO]: Preparing spawn area: 27%
[18:21:56] [Worker-Main-6/INFO]: Preparing spawn area: 30%
[18:21:56] [Worker-Main-4/INFO]: Preparing spawn area: 31%
[18:21:57] [Worker-Main-6/INFO]: Preparing spawn area: 31%
[18:21:57] [Worker-Main-4/INFO]: Preparing spawn area: 31%
[18:21:58] [Worker-Main-4/INFO]: Preparing spawn area: 31%
[18:21:58] [Worker-Main-4/INFO]: Preparing spawn area: 31%
[18:21:59] [Worker-Main-4/INFO]: Preparing spawn area: 34%
[18:22:00] [Worker-Main-5/INFO]: Preparing spawn area: 34%
[18:22:01] [Worker-Main-6/INFO]: Preparing spawn area: 34%
[18:22:01] [Worker-Main-6/INFO]: Preparing spawn area: 34%
[18:22:01] [Worker-Main-5/INFO]: Preparing spawn area: 35%
[18:22:05] [Worker-Main-5/INFO]: Preparing spawn area: 36%
[18:22:05] [Worker-Main-6/INFO]: Preparing spawn area: 36%
[18:22:05] [Worker-Main-5/INFO]: Preparing spawn area: 36%
[18:22:05] [Worker-Main-5/INFO]: Preparing spawn area: 36%
[18:22:05] [Worker-Main-5/INFO]: Preparing spawn area: 36%
[18:22:05] [Worker-Main-5/INFO]: Preparing spawn area: 36%
[18:22:05] [Worker-Main-6/INFO]: Preparing spawn area: 36%
[18:22:05] [Worker-Main-6/INFO]: Preparing spawn area: 41%
[18:22:07] [Worker-Main-4/INFO]: Preparing spawn area: 41%
[18:22:07] [Worker-Main-5/INFO]: Preparing spawn area: 41%
[18:22:07] [Worker-Main-4/INFO]: Preparing spawn area: 41%
[18:22:07] [Worker-Main-6/INFO]: Preparing spawn area: 43%
[18:22:09] [Worker-Main-4/INFO]: Preparing spawn area: 44%
[18:22:09] [Worker-Main-4/INFO]: Preparing spawn area: 44%
[18:22:09] [Worker-Main-4/INFO]: Preparing spawn area: 44%
[18:22:09] [Worker-Main-6/INFO]: Preparing spawn area: 45%
[18:22:10] [Worker-Main-5/INFO]: Preparing spawn area: 46%
[18:22:10] [Worker-Main-5/INFO]: Preparing spawn area: 47%
[18:22:12] [Worker-Main-4/INFO]: Preparing spawn area: 47%
[18:22:12] [Worker-Main-4/INFO]: Preparing spawn area: 47%
[18:22:12] [Worker-Main-4/INFO]: Preparing spawn area: 48%
[18:22:12] [Worker-Main-5/INFO]: Preparing spawn area: 49%
[18:22:13] [Worker-Main-6/INFO]: Preparing spawn area: 50%
[18:22:13] [Worker-Main-4/INFO]: Preparing spawn area: 50%
[18:22:15] [Worker-Main-6/INFO]: Preparing spawn area: 52%
[18:22:15] [Worker-Main-5/INFO]: Preparing spawn area: 52%
[18:22:15] [Worker-Main-6/INFO]: Preparing spawn area: 52%
[18:22:15] [Worker-Main-5/INFO]: Preparing spawn area: 52%
[18:22:17] [Worker-Main-6/INFO]: Preparing spawn area: 55%
[18:22:17] [Worker-Main-4/INFO]: Preparing spawn area: 55%
[18:22:17] [Worker-Main-4/INFO]: Preparing spawn area: 55%
[18:22:17] [Worker-Main-4/INFO]: Preparing spawn area: 55%
[18:22:19] [Worker-Main-6/INFO]: Preparing spawn area: 58%
[18:22:19] [Worker-Main-5/INFO]: Preparing spawn area: 58%
[18:22:19] [Worker-Main-5/INFO]: Preparing spawn area: 58%
[18:22:19] [Worker-Main-5/INFO]: Preparing spawn area: 59%
[18:22:19] [Worker-Main-6/INFO]: Preparing spawn area: 60%
[18:22:25] [Worker-Main-4/INFO]: Preparing spawn area: 60%
[18:22:25] [Worker-Main-4/INFO]: Preparing spawn area: 60%
[18:22:25] [Worker-Main-4/INFO]: Preparing spawn area: 60%
[18:22:25] [Worker-Main-4/INFO]: Preparing spawn area: 60%
[18:22:25] [Worker-Main-4/INFO]: Preparing spawn area: 60%
[18:22:25] [Worker-Main-4/INFO]: Preparing spawn area: 60%
[18:22:25] [Worker-Main-4/INFO]: Preparing spawn area: 61%
[18:22:25] [Worker-Main-4/INFO]: Preparing spawn area: 61%
[18:22:25] [Worker-Main-4/INFO]: Preparing spawn area: 61%
[18:22:25] [Worker-Main-4/INFO]: Preparing spawn area: 61%
[18:22:25] [Worker-Main-4/INFO]: Preparing spawn area: 61%
[18:22:26] [Worker-Main-5/INFO]: Preparing spawn area: 68%
[18:22:27] [Worker-Main-5/INFO]: Preparing spawn area: 68%
[18:22:27] [Worker-Main-6/INFO]: Preparing spawn area: 68%
[18:22:27] [Worker-Main-4/INFO]: Preparing spawn area: 69%
[18:22:27] [Worker-Main-6/INFO]: Preparing spawn area: 69%
[18:22:28] [Worker-Main-6/INFO]: Preparing spawn area: 70%
[18:22:29] [Worker-Main-5/INFO]: Preparing spawn area: 71%
[18:22:30] [Worker-Main-6/INFO]: Preparing spawn area: 72%
[18:22:30] [Worker-Main-6/INFO]: Preparing spawn area: 72%
[18:22:30] [Worker-Main-6/INFO]: Preparing spawn area: 72%
[18:22:32] [Worker-Main-4/INFO]: Preparing spawn area: 73%
[18:22:32] [Worker-Main-4/INFO]: Preparing spawn area: 73%
[18:22:32] [Worker-Main-4/INFO]: Preparing spawn area: 74%
[18:22:34] [Worker-Main-4/INFO]: Preparing spawn area: 75%
[18:22:34] [Worker-Main-4/INFO]: Preparing spawn area: 75%
[18:22:34] [Worker-Main-4/INFO]: Preparing spawn area: 75%
[18:22:34] [Worker-Main-4/INFO]: Preparing spawn area: 75%
[18:22:34] [Worker-Main-6/INFO]: Preparing spawn area: 77%
[18:22:34] [Worker-Main-6/INFO]: Preparing spawn area: 77%
[18:22:38] [Worker-Main-4/INFO]: Preparing spawn area: 78%
[18:22:38] [Worker-Main-4/INFO]: Preparing spawn area: 78%
[18:22:38] [Worker-Main-4/INFO]: Preparing spawn area: 78%
[18:22:38] [Worker-Main-4/INFO]: Preparing spawn area: 78%
[18:22:38] [Worker-Main-4/INFO]: Preparing spawn area: 78%
[18:22:38] [Worker-Main-4/INFO]: Preparing spawn area: 78%
[18:22:38] [Worker-Main-4/INFO]: Preparing spawn area: 78%
[18:22:39] [Worker-Main-6/INFO]: Preparing spawn area: 84%
[18:22:40] [Worker-Main-6/INFO]: Preparing spawn area: 84%
[18:22:40] [Worker-Main-4/INFO]: Preparing spawn area: 84%
[18:22:42] [Worker-Main-4/INFO]: Preparing spawn area: 85%
[18:22:42] [Worker-Main-5/INFO]: Preparing spawn area: 85%
[18:22:42] [Worker-Main-5/INFO]: Preparing spawn area: 85%
[18:22:42] [Worker-Main-4/INFO]: Preparing spawn area: 85%
[18:22:42] [Worker-Main-6/INFO]: Preparing spawn area: 87%
[18:22:43] [Worker-Main-6/INFO]: Preparing spawn area: 87%
[18:22:44] [Worker-Main-4/INFO]: Preparing spawn area: 87%
[18:22:44] [Worker-Main-4/INFO]: Preparing spawn area: 87%
[18:22:48] [Worker-Main-5/INFO]: Preparing spawn area: 89%
[18:22:48] [Worker-Main-4/INFO]: Preparing spawn area: 89%
[18:22:48] [Worker-Main-4/INFO]: Preparing spawn area: 89%
[18:22:48] [Worker-Main-4/INFO]: Preparing spawn area: 89%
[18:22:48] [Worker-Main-4/INFO]: Preparing spawn area: 89%
[18:22:48] [Worker-Main-4/INFO]: Preparing spawn area: 89%
[18:22:48] [Worker-Main-4/INFO]: Preparing spawn area: 89%
[18:22:48] [Worker-Main-4/INFO]: Preparing spawn area: 89%
[18:22:48] [Worker-Main-5/INFO]: Preparing spawn area: 91%
[18:22:52] [Worker-Main-6/INFO]: Preparing spawn area: 91%
[18:22:52] [Worker-Main-6/INFO]: Preparing spawn area: 91%
[18:22:52] [Worker-Main-5/INFO]: Preparing spawn area: 91%
[18:22:52] [Worker-Main-5/INFO]: Preparing spawn area: 91%
[18:22:52] [Worker-Main-6/INFO]: Preparing spawn area: 92%
[18:22:52] [Worker-Main-6/INFO]: Preparing spawn area: 92%
[18:22:52] [Worker-Main-6/INFO]: Preparing spawn area: 92%
[18:22:52] [Worker-Main-6/INFO]: Preparing spawn area: 92%
[18:22:54] [Worker-Main-4/INFO]: Preparing spawn area: 97%
[18:22:54] [Worker-Main-5/INFO]: Preparing spawn area: 97%
[18:22:54] [Worker-Main-5/INFO]: Preparing spawn area: 97%
[18:22:54] [Worker-Main-5/INFO]: Preparing spawn area: 97%
[18:22:54] [Worker-Main-5/INFO]: Preparing spawn area: 97%
[18:22:55] [Server thread/INFO]: Time elapsed: 121654 ms
[18:22:55] [Server thread/INFO]: Done (140.484s)! For help, type "help"
[18:22:57] [Server thread/WARN]: Can't keep up! Is the server overloaded? Running 2342ms or 46 ticks behind
[18:23:13] [Server thread/INFO]: Diegoveraniego[/190.46.34.7:52431] logged in with entity id 184 at (-169.5, 83.0, -7.5)
[18:23:13] [Server thread/INFO]: Diegoveraniego joined the game
[18:23:14] [Server thread/INFO]: SamGamyi[/181.43.37.24:65232] logged in with entity id 185 at (-171.5, 83.0, -0.5)
[18:23:14] [Server thread/INFO]: SamGamyi joined the game
[18:23:33] [Server thread/WARN]: Can't keep up! Is the server overloaded? Running 21384ms or 427 ticks behind
[18:23:35] [Server thread/INFO]: camilulu[/201.188.198.203:63084] logged in with entity id 303 at (-179.5, 81.0, -9.5)
[18:23:35] [Server thread/INFO]: camilulu joined the game
[18:23:52] [Server thread/INFO]: See4Paul[/190.46.34.7:50768] logged in with entity id 318 at (-169.5, 82.0, 5.5)
[18:23:52] [Server thread/INFO]: See4Paul joined the game
[18:25:00] [Server thread/INFO]: Shinji3195[/190.46.34.7:52794] logged in with entity id 516 at (-169.5, 82.0, 4.5)
[18:25:00] [Server thread/INFO]: Shinji3195 joined the game
[18:26:41] [Server thread/INFO]: Diegoveraniego has made the advancement [Best Friends Forever]
[18:28:25] [Server thread/WARN]: Can't keep up! Is the server overloaded? Running 2102ms or 42 ticks behind
[18:28:43] [Server thread/WARN]: Can't keep up! Is the server overloaded? Running 2037ms or 40 ticks behind
[18:29:01] [Server thread/WARN]: Can't keep up! Is the server overloaded? Running 3195ms or 63 ticks behind
[18:31:18] [Server thread/WARN]: Mismatch in destroy block pos: fu{x=-223, y=69, z=58} fu{x=-221, y=67, z=59}
[18:31:18] [Server thread/WARN]: Mismatch in destroy block pos: fu{x=-223, y=69, z=58} fu{x=-221, y=67, z=59}
[18:31:34] [Server thread/INFO]: Shinji3195 has made the advancement [Monster Hunter]
[18:31:43] [Server thread/INFO]: <Diegoveraniego> -225 53
[18:31:55] [Server thread/INFO]: <Diegoveraniego> f3
[18:34:03] [Server thread/WARN]: Can't keep up! Is the server overloaded? Running 2015ms or 40 ticks behind
[18:35:56] [Server thread/INFO]: See4Paul has made the advancement [Stone Age]
[18:39:25] [Server thread/INFO]: SamGamyi has made the advancement [Stone Age]
[18:40:31] [Server thread/INFO]: Diegoveraniego has made the advancement [Monster Hunter]
[18:40:48] [Server thread/INFO]: See4Paul has made the advancement [Monster Hunter]
[18:42:26] [Server thread/INFO]: camilulu has made the advancement [Monster Hunter]
[18:42:48] [Server thread/INFO]: SamGamyi has made the advancement [Monster Hunter]
[18:44:09] [Server thread/INFO]: Diegoveraniego lost connection: Disconnected
[18:44:09] [Server thread/INFO]: Diegoveraniego left the game
[18:44:10] [Server thread/INFO]: Diegoveraniego[/190.46.34.7:52453] logged in with entity id 3755 at (-218.61199640482943, 68.0, 59.35933026495243)
[18:44:10] [Server thread/INFO]: Diegoveraniego joined the game
[18:46:51] [Server thread/WARN]: Mismatch in destroy block pos: fu{x=-171, y=65, z=276} fu{x=-171, y=63, z=277}
[18:53:09] [Server thread/INFO]: Diegoveraniego has made the advancement [The Parrots and the Bats]
[18:53:18] [Server thread/INFO]: Shinji3195 has made the advancement [Stone Age]
[18:53:32] [Server thread/INFO]: SamGamyi has made the advancement [A Seedy Place]
[18:53:43] [Server thread/INFO]: See4Paul was blown up by Creeper
[18:54:07] [Server thread/INFO]: <Diegoveraniego> -142 258
[18:54:29] [Server thread/INFO]: <See4Paul> t
[18:56:19] [Server thread/INFO]: See4Paul was blown up by Creeper
[18:57:51] [Server thread/INFO]: Shinji3195 has made the advancement [Sweet Dreams]
[19:00:40] [Server thread/INFO]: See4Paul has made the advancement [The Parrots and the Bats]
[19:00:54] [Server thread/INFO]: camilulu was shot by Skeleton
[19:02:53] [Server thread/INFO]: Teleported camilulu to SamGamyi
[19:03:23] [Server thread/INFO]: See4Paul was shot by Skeleton
[19:04:15] [Server thread/WARN]: Mismatch in destroy block pos: fu{x=-215, y=65, z=107} fu{x=-213, y=64, z=107}
[19:05:11] [Server thread/INFO]: camilulu was blown up by Creeper
[19:06:22] [Server thread/WARN]: Mismatch in destroy block pos: fu{x=-173, y=64, z=321} fu{x=-175, y=62, z=322}
[19:06:27] [Server thread/WARN]: Shinji3195 moved wrongly!
[19:06:57] [Server thread/INFO]: See4Paul has made the advancement [Best Friends Forever]
[19:08:02] [Server thread/INFO]: See4Paul was slain by Zombie
[19:08:14] [Server thread/INFO]: Diegoveraniego was slain by Zombie
[19:08:38] [Server thread/INFO]: Teleported See4Paul to SamGamyi
[19:08:41] [Server thread/INFO]: SamGamyi was slain by Zombie
[19:08:46] [Server thread/FATAL]: Error executing task on Server
java.lang.NullPointerException: null
	at yv.b(SourceFile:202) ~[server.jar:?]
	at yp.a(SourceFile:939) ~[server.jar:?]
	at zb.a(SourceFile:467) ~[server.jar:?]
	at zv.a(SourceFile:867) ~[server.jar:?]
	at rs.a(SourceFile:122) ~[server.jar:?]
	at rs$b.a(SourceFile:18) ~[server.jar:?]
	at nk.a(SourceFile:21) ~[server.jar:?]
	at uy.run(SourceFile:18) ~[server.jar:?]
	at amn.c(SourceFile:144) ~[server.jar:?]
	at amr.c(SourceFile:23) ~[server.jar:?]
	at net.minecraft.server.MinecraftServer.b(SourceFile:763) ~[server.jar:?]
	at net.minecraft.server.MinecraftServer.c(SourceFile:154) ~[server.jar:?]
	at amn.x(SourceFile:118) ~[server.jar:?]
	at net.minecraft.server.MinecraftServer.aZ(SourceFile:745) ~[server.jar:?]
	at net.minecraft.server.MinecraftServer.x(SourceFile:739) ~[server.jar:?]
	at amn.bj(SourceFile:103) ~[server.jar:?]
	at net.minecraft.server.MinecraftServer.w(SourceFile:723) ~[server.jar:?]
	at net.minecraft.server.MinecraftServer.v(SourceFile:676) ~[server.jar:?]
	at net.minecraft.server.MinecraftServer.a(SourceFile:256) ~[server.jar:?]
	at java.lang.Thread.run(Thread.java:834) [?:?]
[19:08:46] [Server thread/FATAL]: Error executing task on Server
java.lang.NullPointerException: null
	at yv.b(SourceFile:202) ~[server.jar:?]
	at yp.a(SourceFile:939) ~[server.jar:?]
	at zb.a(SourceFile:467) ~[server.jar:?]
	at zv.a(SourceFile:867) ~[server.jar:?]
	at rs.a(SourceFile:122) ~[server.jar:?]
	at rs$a.a(SourceFile:56) ~[server.jar:?]
	at nk.a(SourceFile:21) ~[server.jar:?]
	at uy.run(SourceFile:18) ~[server.jar:?]
	at amn.c(SourceFile:144) ~[server.jar:?]
	at amr.c(SourceFile:23) ~[server.jar:?]
	at net.minecraft.server.MinecraftServer.b(SourceFile:763) ~[server.jar:?]
	at net.minecraft.server.MinecraftServer.c(SourceFile:154) ~[server.jar:?]
	at amn.x(SourceFile:118) ~[server.jar:?]
	at net.minecraft.server.MinecraftServer.aZ(SourceFile:745) ~[server.jar:?]
	at net.minecraft.server.MinecraftServer.x(SourceFile:739) ~[server.jar:?]
	at amn.bj(SourceFile:103) ~[server.jar:?]
	at net.minecraft.server.MinecraftServer.w(SourceFile:723) ~[server.jar:?]
	at net.minecraft.server.MinecraftServer.v(SourceFile:676) ~[server.jar:?]
	at net.minecraft.server.MinecraftServer.a(SourceFile:256) ~[server.jar:?]
	at java.lang.Thread.run(Thread.java:834) [?:?]
[19:08:58] [Server thread/INFO]: Incorrect argument for command
[19:08:58] [Server thread/INFO]: ...p diegotp diegoveraniego shinji3195<--[HERE]
[19:09:15] [Server thread/INFO]: See4Paul was slain by Zombie
[19:09:24] [Server thread/INFO]: Incorrect argument for command
[19:09:24] [Server thread/INFO]: ...amgamyitp samgamyi shinji3195<--[HERE]
[19:09:36] [Server thread/WARN]: Can't keep up! Is the server overloaded? Running 2016ms or 40 ticks behind
[19:09:45] [Server thread/WARN]: Shinji3195 moved wrongly!
[19:09:54] [Server thread/WARN]: Can't keep up! Is the server overloaded? Running 2654ms or 53 ticks behind
[19:09:55] [Server thread/INFO]: Diegoveraniego was slain by See4Paul
[19:10:21] [Server thread/INFO]: <Diegoveraniego> f
[19:10:21] [Server thread/WARN]: camilulu moved too quickly! -3.136671108435422,-2.0,-12.15383722354835
[19:10:24] [Server thread/INFO]: No entity was found
[19:10:24] [Server thread/INFO]: Unknown or incomplete command, see below for error
[19:10:24] [Server thread/INFO]: <--[HERE]
[19:10:35] [Server thread/INFO]: Teleported See4Paul to Shinji3195
[19:10:43] [Server thread/INFO]: Teleported SamGamyi to See4Paul
[19:10:54] [Server thread/INFO]: Teleported Diegoveraniego to See4Paul
[19:10:56] [Server thread/INFO]: See4Paul lost connection: Timed out
[19:10:56] [Server thread/INFO]: See4Paul left the game
[19:10:56] [Server thread/WARN]: handleDisconnection() called twice
[19:11:03] [Server thread/INFO]: See4Paul[/190.46.34.7:50815] logged in with entity id 9489 at (-173.93205790044345, 69.0, 315.1284584879403)
[19:11:03] [Server thread/INFO]: See4Paul joined the game
[19:11:05] [Server thread/INFO]: Diegoveraniego lost connection: Disconnected
[19:11:05] [Server thread/INFO]: Diegoveraniego left the game
[19:11:13] [Server thread/INFO]: Diegoveraniego[/190.46.34.7:52475] logged in with entity id 9521 at (-173.93205790044345, 69.0, 315.1284584879403)
[19:11:13] [Server thread/INFO]: Diegoveraniego joined the game
[19:11:19] [Server thread/INFO]: Shinji3195 lost connection: Timed out
[19:11:19] [Server thread/INFO]: Shinji3195 left the game
[19:11:24] [Server thread/INFO]: <Diegoveraniego> caca
[19:11:24] [Server thread/INFO]: <Diegoveraniego> ca
[19:11:25] [Server thread/INFO]: Shinji3195[/190.46.34.7:52951] logged in with entity id 9562 at (-171.01745643068114, 68.0, 312.887919751939)
[19:11:25] [Server thread/INFO]: Shinji3195 joined the game
[19:11:28] [Server thread/INFO]: See4Paul lost connection: Timed out
[19:11:28] [Server thread/INFO]: See4Paul left the game
[19:11:35] [Server thread/INFO]: See4Paul[/190.46.34.7:50820] logged in with entity id 9609 at (-173.93205790044345, 69.0, 315.1284584879403)
[19:11:35] [Server thread/INFO]: See4Paul joined the game
[19:11:40] [Server thread/INFO]: camilulu lost connection: Timed out
[19:11:40] [Server thread/INFO]: camilulu left the game
[19:11:42] [Server thread/INFO]: Shinji3195 lost connection: Disconnected
[19:11:42] [Server thread/INFO]: Shinji3195 left the game
[19:11:44] [Server thread/INFO]: Stopping server
[19:11:44] [Server thread/INFO]: Saving players
[19:11:44] [Server thread/INFO]: Saving worlds
[19:11:44] [Server thread/INFO]: Saving chunks for level 'ServerLevel[Family-story]'/minecraft:overworld
[19:12:37] [Server thread/INFO]: ThreadedAnvilChunkStorage (Family-story): All chunks are saved
[19:12:37] [Server thread/INFO]: Saving chunks for level 'ServerLevel[Family-story]'/minecraft:the_nether
[19:12:37] [Server thread/INFO]: ThreadedAnvilChunkStorage (DIM-1): All chunks are saved
[19:12:37] [Server thread/INFO]: Saving chunks for level 'ServerLevel[Family-story]'/minecraft:the_end
[19:12:37] [Server thread/INFO]: ThreadedAnvilChunkStorage (DIM1): All chunks are saved
[19:12:38] [Server thread/INFO]: ThreadedAnvilChunkStorage (Family-story): All chunks are saved
[19:12:38] [Server thread/INFO]: ThreadedAnvilChunkStorage (DIM-1): All chunks are saved
[19:12:38] [Server thread/INFO]: ThreadedAnvilChunkStorage (DIM1): All chunks are saved
